Detecting C [-std=c11] compiler features failed to compile with the following output:
Change Dir: /Users/arsentii/Documents/MyFiles/Projects/C:C++/concurency_practice/Task2CyclicBarier/cmake-build-debug/CMakeFiles/CMakeTmp

Run Build Command:"/usr/bin/make" "cmTC_5c697/fast"
/Applications/Xcode.app/Contents/Developer/usr/bin/make -f CMakeFiles/cmTC_5c697.dir/build.make CMakeFiles/cmTC_5c697.dir/build
CMakeFiles/cmTC_5c697.dir/build.make:64: *** target pattern contains no `%'.  Stop.
make: *** [cmTC_5c697/fast] Error 2



Detecting CXX [-std=c++1z] compiler features failed to compile with the following output:
Change Dir: /Users/arsentii/Documents/MyFiles/Projects/C:C++/concurency_practice/Task2CyclicBarier/cmake-build-debug/CMakeFiles/CMakeTmp

Run Build Command:"/usr/bin/make" "cmTC_e7440/fast"
/Applications/Xcode.app/Contents/Developer/usr/bin/make -f CMakeFiles/cmTC_e7440.dir/build.make CMakeFiles/cmTC_e7440.dir/build
CMakeFiles/cmTC_e7440.dir/build.make:64: *** target pattern contains no `%'.  Stop.
make: *** [cmTC_e7440/fast] Error 2



