Detecting C [-std=c11] compiler features failed to compile with the following output:
Change Dir: /Users/arsentii/Documents/MyFiles/Projects/C:C++/concurency_practice/Task4StripedHashSet/cmake-build-debug/CMakeFiles/CMakeTmp

Run Build Command:"/usr/bin/make" "cmTC_4ef1f/fast"
/Applications/Xcode.app/Contents/Developer/usr/bin/make -f CMakeFiles/cmTC_4ef1f.dir/build.make CMakeFiles/cmTC_4ef1f.dir/build
CMakeFiles/cmTC_4ef1f.dir/build.make:64: *** target pattern contains no `%'.  Stop.
make: *** [cmTC_4ef1f/fast] Error 2



Detecting CXX [-std=c++1z] compiler features failed to compile with the following output:
Change Dir: /Users/arsentii/Documents/MyFiles/Projects/C:C++/concurency_practice/Task4StripedHashSet/cmake-build-debug/CMakeFiles/CMakeTmp

Run Build Command:"/usr/bin/make" "cmTC_83fa1/fast"
/Applications/Xcode.app/Contents/Developer/usr/bin/make -f CMakeFiles/cmTC_83fa1.dir/build.make CMakeFiles/cmTC_83fa1.dir/build
CMakeFiles/cmTC_83fa1.dir/build.make:64: *** target pattern contains no `%'.  Stop.
make: *** [cmTC_83fa1/fast] Error 2



