Detecting C [-std=c11] compiler features failed to compile with the following output:
Change Dir: /Users/arsentii/Documents/MyFiles/Projects/C:C++/concurency_practice/Task7LockFreeQueue/cmake-build-debug/CMakeFiles/CMakeTmp

Run Build Command:"/usr/bin/make" "cmTC_0edc1/fast"
/Applications/Xcode.app/Contents/Developer/usr/bin/make -f CMakeFiles/cmTC_0edc1.dir/build.make CMakeFiles/cmTC_0edc1.dir/build
CMakeFiles/cmTC_0edc1.dir/build.make:64: *** target pattern contains no `%'.  Stop.
make: *** [cmTC_0edc1/fast] Error 2



Detecting CXX [-std=c++1z] compiler features failed to compile with the following output:
Change Dir: /Users/arsentii/Documents/MyFiles/Projects/C:C++/concurency_practice/Task7LockFreeQueue/cmake-build-debug/CMakeFiles/CMakeTmp

Run Build Command:"/usr/bin/make" "cmTC_f0510/fast"
/Applications/Xcode.app/Contents/Developer/usr/bin/make -f CMakeFiles/cmTC_f0510.dir/build.make CMakeFiles/cmTC_f0510.dir/build
CMakeFiles/cmTC_f0510.dir/build.make:64: *** target pattern contains no `%'.  Stop.
make: *** [cmTC_f0510/fast] Error 2



