Detecting C [-std=c11] compiler features failed to compile with the following output:
Change Dir: /Users/arsentii/Documents/MyFiles/Projects/C:C++/concurency_practice/Task3BlockingQueue/cmake-build-debug/CMakeFiles/CMakeTmp

Run Build Command:"/usr/bin/make" "cmTC_8b8a2/fast"
/Applications/Xcode.app/Contents/Developer/usr/bin/make -f CMakeFiles/cmTC_8b8a2.dir/build.make CMakeFiles/cmTC_8b8a2.dir/build
CMakeFiles/cmTC_8b8a2.dir/build.make:64: *** target pattern contains no `%'.  Stop.
make: *** [cmTC_8b8a2/fast] Error 2



Detecting CXX [-std=c++1z] compiler features failed to compile with the following output:
Change Dir: /Users/arsentii/Documents/MyFiles/Projects/C:C++/concurency_practice/Task3BlockingQueue/cmake-build-debug/CMakeFiles/CMakeTmp

Run Build Command:"/usr/bin/make" "cmTC_53f69/fast"
/Applications/Xcode.app/Contents/Developer/usr/bin/make -f CMakeFiles/cmTC_53f69.dir/build.make CMakeFiles/cmTC_53f69.dir/build
CMakeFiles/cmTC_53f69.dir/build.make:64: *** target pattern contains no `%'.  Stop.
make: *** [cmTC_53f69/fast] Error 2



