Detecting C [-std=c11] compiler features failed to compile with the following output:
Change Dir: /Users/arsentii/Documents/MyFiles/Projects/C:C++/concurency_practice/Task1TournamentTreeMutex/cmake-build-debug/CMakeFiles/CMakeTmp

Run Build Command:"/usr/bin/make" "cmTC_84051/fast"
/Applications/Xcode.app/Contents/Developer/usr/bin/make -f CMakeFiles/cmTC_84051.dir/build.make CMakeFiles/cmTC_84051.dir/build
CMakeFiles/cmTC_84051.dir/build.make:64: *** target pattern contains no `%'.  Stop.
make: *** [cmTC_84051/fast] Error 2



Detecting CXX [-std=c++1z] compiler features failed to compile with the following output:
Change Dir: /Users/arsentii/Documents/MyFiles/Projects/C:C++/concurency_practice/Task1TournamentTreeMutex/cmake-build-debug/CMakeFiles/CMakeTmp

Run Build Command:"/usr/bin/make" "cmTC_4f1e9/fast"
/Applications/Xcode.app/Contents/Developer/usr/bin/make -f CMakeFiles/cmTC_4f1e9.dir/build.make CMakeFiles/cmTC_4f1e9.dir/build
CMakeFiles/cmTC_4f1e9.dir/build.make:64: *** target pattern contains no `%'.  Stop.
make: *** [cmTC_4f1e9/fast] Error 2



