Detecting C [-std=c11] compiler features failed to compile with the following output:
Change Dir: /Users/arsentii/Documents/MyFiles/Projects/C:C++/concurency_practice/Task2Robot/cmake-build-debug/CMakeFiles/CMakeTmp

Run Build Command:"/usr/bin/make" "cmTC_a852b/fast"
/Applications/Xcode.app/Contents/Developer/usr/bin/make -f CMakeFiles/cmTC_a852b.dir/build.make CMakeFiles/cmTC_a852b.dir/build
CMakeFiles/cmTC_a852b.dir/build.make:64: *** target pattern contains no `%'.  Stop.
make: *** [cmTC_a852b/fast] Error 2



Detecting CXX [-std=c++1z] compiler features failed to compile with the following output:
Change Dir: /Users/arsentii/Documents/MyFiles/Projects/C:C++/concurency_practice/Task2Robot/cmake-build-debug/CMakeFiles/CMakeTmp

Run Build Command:"/usr/bin/make" "cmTC_e12eb/fast"
/Applications/Xcode.app/Contents/Developer/usr/bin/make -f CMakeFiles/cmTC_e12eb.dir/build.make CMakeFiles/cmTC_e12eb.dir/build
CMakeFiles/cmTC_e12eb.dir/build.make:64: *** target pattern contains no `%'.  Stop.
make: *** [cmTC_e12eb/fast] Error 2



